{"uuid":"fe2968a9-cc13-45ca-ac85-b9b5e056c126","name":"Default test","children":["ccb0316e-e5cf-4dab-a3ee-200ad3d9d74c","65ef443f-1a88-4910-a0ec-aea455cb0041","ef5410c7-583f-4e63-8e2d-2f71b3826d9e"],"befores":[{"name":"setup","status":"broken","statusDetails":{"known":false,"muted":false,"flaky":false,"message":"Error {\n  message='Target closed\n=========================== logs ===========================\nwaiting for locator(\"xpath=//div[@data-target-selection-name='373d68853825455b9166869792148e21']\")\n============================================================\n  name='Error\n  stack='Error: Target closed\n=========================== logs ===========================\nwaiting for locator(\"xpath=//div[@data-target-selection-name='373d68853825455b9166869792148e21']\")\n============================================================\n    at C:\\Users\\1383967\\AppData\\Local\\Temp\\playwright-java-12316673256321529307\\package\\lib\\server\\chromium\\crConnection.js:145:16\n    at new Promise (<anonymous>)\n    at CRSession.send (C:\\Users\\1383967\\AppData\\Local\\Temp\\playwright-java-12316673256321529307\\package\\lib\\server\\chromium\\crConnection.js:141:12)\n    at CRExecutionContext.evaluateWithArguments (C:\\Users\\1383967\\AppData\\Local\\Temp\\playwright-java-12316673256321529307\\package\\lib\\server\\chromium\\crExecutionContext.js:78:28)\n    at FrameExecutionContext.evaluateWithArguments (C:\\Users\\1383967\\AppData\\Local\\Temp\\playwright-java-12316673256321529307\\package\\lib\\server\\javascript.js:61:61)\n    at evaluateExpression (C:\\Users\\1383967\\AppData\\Local\\Temp\\playwright-java-12316673256321529307\\package\\lib\\server\\javascript.js:241:26)\n    at async C:\\Users\\1383967\\AppData\\Local\\Temp\\playwright-java-12316673256321529307\\package\\lib\\server\\frames.js:964:11\n    at async Frame.retryWithProgressAndTimeouts (C:\\Users\\1383967\\AppData\\Local\\Temp\\playwright-java-12316673256321529307\\package\\lib\\server\\frames.js:912:24)\n    at async C:\\Users\\1383967\\AppData\\Local\\Temp\\playwright-java-12316673256321529307\\package\\lib\\server\\frames.js:996:29\n    at async ProgressController.run (C:\\Users\\1383967\\AppData\\Local\\Temp\\playwright-java-12316673256321529307\\package\\lib\\server\\progress.js:92:22)\n}","trace":"com.microsoft.playwright.PlaywrightException: Error {\n  message='Target closed\n=========================== logs ===========================\nwaiting for locator(\"xpath=//div[@data-target-selection-name='373d68853825455b9166869792148e21']\")\n============================================================\n  name='Error\n  stack='Error: Target closed\n=========================== logs ===========================\nwaiting for locator(\"xpath=//div[@data-target-selection-name='373d68853825455b9166869792148e21']\")\n============================================================\n    at C:\\Users\\1383967\\AppData\\Local\\Temp\\playwright-java-12316673256321529307\\package\\lib\\server\\chromium\\crConnection.js:145:16\n    at new Promise (<anonymous>)\n    at CRSession.send (C:\\Users\\1383967\\AppData\\Local\\Temp\\playwright-java-12316673256321529307\\package\\lib\\server\\chromium\\crConnection.js:141:12)\n    at CRExecutionContext.evaluateWithArguments (C:\\Users\\1383967\\AppData\\Local\\Temp\\playwright-java-12316673256321529307\\package\\lib\\server\\chromium\\crExecutionContext.js:78:28)\n    at FrameExecutionContext.evaluateWithArguments (C:\\Users\\1383967\\AppData\\Local\\Temp\\playwright-java-12316673256321529307\\package\\lib\\server\\javascript.js:61:61)\n    at evaluateExpression (C:\\Users\\1383967\\AppData\\Local\\Temp\\playwright-java-12316673256321529307\\package\\lib\\server\\javascript.js:241:26)\n    at async C:\\Users\\1383967\\AppData\\Local\\Temp\\playwright-java-12316673256321529307\\package\\lib\\server\\frames.js:964:11\n    at async Frame.retryWithProgressAndTimeouts (C:\\Users\\1383967\\AppData\\Local\\Temp\\playwright-java-12316673256321529307\\package\\lib\\server\\frames.js:912:24)\n    at async C:\\Users\\1383967\\AppData\\Local\\Temp\\playwright-java-12316673256321529307\\package\\lib\\server\\frames.js:996:29\n    at async ProgressController.run (C:\\Users\\1383967\\AppData\\Local\\Temp\\playwright-java-12316673256321529307\\package\\lib\\server\\progress.js:92:22)\n}\r\n\tat com.microsoft.playwright.impl.WaitableResult.get(WaitableResult.java:54)\r\n\tat com.microsoft.playwright.impl.ChannelOwner.runUntil(ChannelOwner.java:120)\r\n\tat com.microsoft.playwright.impl.Connection.sendMessage(Connection.java:126)\r\n\tat com.microsoft.playwright.impl.ChannelOwner.sendMessage(ChannelOwner.java:106)\r\n\tat com.microsoft.playwright.impl.FrameImpl.clickImpl(FrameImpl.java:252)\r\n\tat com.microsoft.playwright.impl.PageImpl.lambda$click$17(PageImpl.java:577)\r\n\tat com.microsoft.playwright.impl.LoggingSupport.lambda$withLogging$0(LoggingSupport.java:36)\r\n\tat com.microsoft.playwright.impl.LoggingSupport.withLogging(LoggingSupport.java:47)\r\n\tat com.microsoft.playwright.impl.ChannelOwner.withLogging(ChannelOwner.java:89)\r\n\tat com.microsoft.playwright.impl.LoggingSupport.withLogging(LoggingSupport.java:35)\r\n\tat com.microsoft.playwright.impl.PageImpl.click(PageImpl.java:576)\r\n\tat com.microsoft.playwright.Page.click(Page.java:3741)\r\n\tat com.qa.Salesforce.pages.AdminPage.clickdd(AdminPage.java:22)\r\n\tat com.qa.Salesforce.base.BaseTest.setup(BaseTest.java:42)\r\n\tat java.base/jdk.internal.reflect.NativeMethodAccessorImpl.invoke0(Native Method)\r\n\tat java.base/jdk.internal.reflect.NativeMethodAccessorImpl.invoke(NativeMethodAccessorImpl.java:77)\r\n\tat java.base/jdk.internal.reflect.DelegatingMethodAccessorImpl.invoke(DelegatingMethodAccessorImpl.java:43)\r\n\tat java.base/java.lang.reflect.Method.invoke(Method.java:568)\r\n\tat org.testng.internal.invokers.MethodInvocationHelper.invokeMethod(MethodInvocationHelper.java:139)\r\n\tat org.testng.internal.invokers.MethodInvocationHelper.invokeMethodConsideringTimeout(MethodInvocationHelper.java:69)\r\n\tat org.testng.internal.invokers.ConfigInvoker.invokeConfigurationMethod(ConfigInvoker.java:390)\r\n\tat org.testng.internal.invokers.ConfigInvoker.invokeConfigurations(ConfigInvoker.java:325)\r\n\tat org.testng.TestRunner.invokeTestConfigurations(TestRunner.java:663)\r\n\tat org.testng.TestRunner.beforeRun(TestRunner.java:652)\r\n\tat org.testng.TestRunner.run(TestRunner.java:614)\r\n\tat org.testng.SuiteRunner.runTest(SuiteRunner.java:443)\r\n\tat org.testng.SuiteRunner.runSequentially(SuiteRunner.java:437)\r\n\tat org.testng.SuiteRunner.privateRun(SuiteRunner.java:397)\r\n\tat org.testng.SuiteRunner.run(SuiteRunner.java:336)\r\n\tat org.testng.SuiteRunnerWorker.runSuite(SuiteRunnerWorker.java:52)\r\n\tat org.testng.SuiteRunnerWorker.run(SuiteRunnerWorker.java:95)\r\n\tat org.testng.TestNG.runSuitesSequentially(TestNG.java:1280)\r\n\tat org.testng.TestNG.runSuitesLocally(TestNG.java:1200)\r\n\tat org.testng.TestNG.runSuites(TestNG.java:1114)\r\n\tat org.testng.TestNG.run(TestNG.java:1082)\r\n\tat org.testng.remote.AbstractRemoteTestNG.run(AbstractRemoteTestNG.java:115)\r\n\tat org.testng.remote.RemoteTestNG.initAndRun(RemoteTestNG.java:251)\r\n\tat org.testng.remote.RemoteTestNG.main(RemoteTestNG.java:77)\r\nCaused by: com.microsoft.playwright.impl.DriverException: Error {\n  message='Target closed\n=========================== logs ===========================\nwaiting for locator(\"xpath=//div[@data-target-selection-name='373d68853825455b9166869792148e21']\")\n============================================================\n  name='Error\n  stack='Error: Target closed\n=========================== logs ===========================\nwaiting for locator(\"xpath=//div[@data-target-selection-name='373d68853825455b9166869792148e21']\")\n============================================================\n    at C:\\Users\\1383967\\AppData\\Local\\Temp\\playwright-java-12316673256321529307\\package\\lib\\server\\chromium\\crConnection.js:145:16\n    at new Promise (<anonymous>)\n    at CRSession.send (C:\\Users\\1383967\\AppData\\Local\\Temp\\playwright-java-12316673256321529307\\package\\lib\\server\\chromium\\crConnection.js:141:12)\n    at CRExecutionContext.evaluateWithArguments (C:\\Users\\1383967\\AppData\\Local\\Temp\\playwright-java-12316673256321529307\\package\\lib\\server\\chromium\\crExecutionContext.js:78:28)\n    at FrameExecutionContext.evaluateWithArguments (C:\\Users\\1383967\\AppData\\Local\\Temp\\playwright-java-12316673256321529307\\package\\lib\\server\\javascript.js:61:61)\n    at evaluateExpression (C:\\Users\\1383967\\AppData\\Local\\Temp\\playwright-java-12316673256321529307\\package\\lib\\server\\javascript.js:241:26)\n    at async C:\\Users\\1383967\\AppData\\Local\\Temp\\playwright-java-12316673256321529307\\package\\lib\\server\\frames.js:964:11\n    at async Frame.retryWithProgressAndTimeouts (C:\\Users\\1383967\\AppData\\Local\\Temp\\playwright-java-12316673256321529307\\package\\lib\\server\\frames.js:912:24)\n    at async C:\\Users\\1383967\\AppData\\Local\\Temp\\playwright-java-12316673256321529307\\package\\lib\\server\\frames.js:996:29\n    at async ProgressController.run (C:\\Users\\1383967\\AppData\\Local\\Temp\\playwright-java-12316673256321529307\\package\\lib\\server\\progress.js:92:22)\n}\r\n\tat com.microsoft.playwright.impl.Connection.dispatch(Connection.java:226)\r\n\tat com.microsoft.playwright.impl.Connection.processOneMessage(Connection.java:206)\r\n\tat com.microsoft.playwright.impl.ChannelOwner.runUntil(ChannelOwner.java:118)\r\n\t... 36 more\r\n"},"stage":"finished","description":"","steps":[],"attachments":[],"parameters":[],"start":1702913533683,"stop":1702913547873}],"afters":[{"name":"tearDown","status":"broken","stage":"finished","description":"","steps":[],"attachments":[],"parameters":[],"start":1702913548243,"stop":1702913548243}],"start":1702913533659,"stop":1702913548251}