<?xml version="1.0" encoding="UTF-8"?>
<!-- Generated by org.testng.reporters.JUnitReportReporter -->
<testsuite hostname="CPC-mhamz-8TY8C" failures="0" tests="1" name="com.qa.Salesforce.tests.Examplee" time="73.123" errors="1" timestamp="2024-01-23T12:28:30 IST" skipped="0">
  <testcase classname="com.qa.Salesforce.tests.Examplee" name="Examplee" time="73.123">
    <error message="Error {
  message=&#039;Target page, context or browser has been closed
  name=&#039;TargetClosedError
  stack=&#039;TargetClosedError:Target page, context or browser has been closed
Error
    at captureRawStack (C:\Users\1383967\AppData\Local\Temp\playwright-java-9287095633557299133\package\lib\utils\stackTrace.js:50:17)
    at LongStandingScope._race (C:\Users\1383967\AppData\Local\Temp\playwright-java-9287095633557299133\package\lib\utils\manualPromise.js:91:52)
    at LongStandingScope.race (C:\Users\1383967\AppData\Local\Temp\playwright-java-9287095633557299133\package\lib\utils\manualPromise.js:84:17)
    at C:\Users\1383967\AppData\Local\Temp\playwright-java-9287095633557299133\package\lib\utils\manualPromise.js:81:43
    at Array.map (&lt;anonymous&gt;)
    at LongStandingScope.raceMultiple (C:\Users\1383967\AppData\Local\Temp\playwright-java-9287095633557299133\package\lib\utils\manualPromise.js:81:32)
    at Frame.retryWithProgressAndTimeouts (C:\Users\1383967\AppData\Local\Temp\playwright-java-9287095633557299133\package\lib\server\frames.js:908:40)
    at async C:\Users\1383967\AppData\Local\Temp\playwright-java-9287095633557299133\package\lib\server\frames.js:996:29
    at async ProgressController.run (C:\Users\1383967\AppData\Local\Temp\playwright-java-9287095633557299133\package\lib\server\progress.js:91:22)
    at async FrameDispatcher.click (C:\Users\1383967\AppData\Local\Temp\playwright-java-9287095633557299133\package\lib\server\dispatchers\frameDispatcher.js:152:12)
    at async LongStandingScope._race (C:\Users\1383967\AppData\Local\Temp\playwright-java-9287095633557299133\package\lib\utils\manualPromise.js:96:14)
    at async FrameDispatcher._handleCommand (C:\Users\1383967\AppData\Local\Temp\playwright-java-9287095633557299133\package\lib\server\dispatchers\dispatcher.js:86:14)
    at async DispatcherConnection.dispatch (C:\Users\1383967\AppData\Local\Temp\playwright-java-9287095633557299133\package\lib\server\dispatchers\dispatcher.js:351:22)
}
Call log:
- waiting for getByLabel(&quot;*Account Name&quot;)
" type="com.microsoft.playwright.PlaywrightException">
      <![CDATA[com.microsoft.playwright.PlaywrightException: Error {
  message='Target page, context or browser has been closed
  name='TargetClosedError
  stack='TargetClosedError:Target page, context or browser has been closed
Error
    at captureRawStack (C:\Users\1383967\AppData\Local\Temp\playwright-java-9287095633557299133\package\lib\utils\stackTrace.js:50:17)
    at LongStandingScope._race (C:\Users\1383967\AppData\Local\Temp\playwright-java-9287095633557299133\package\lib\utils\manualPromise.js:91:52)
    at LongStandingScope.race (C:\Users\1383967\AppData\Local\Temp\playwright-java-9287095633557299133\package\lib\utils\manualPromise.js:84:17)
    at C:\Users\1383967\AppData\Local\Temp\playwright-java-9287095633557299133\package\lib\utils\manualPromise.js:81:43
    at Array.map (<anonymous>)
    at LongStandingScope.raceMultiple (C:\Users\1383967\AppData\Local\Temp\playwright-java-9287095633557299133\package\lib\utils\manualPromise.js:81:32)
    at Frame.retryWithProgressAndTimeouts (C:\Users\1383967\AppData\Local\Temp\playwright-java-9287095633557299133\package\lib\server\frames.js:908:40)
    at async C:\Users\1383967\AppData\Local\Temp\playwright-java-9287095633557299133\package\lib\server\frames.js:996:29
    at async ProgressController.run (C:\Users\1383967\AppData\Local\Temp\playwright-java-9287095633557299133\package\lib\server\progress.js:91:22)
    at async FrameDispatcher.click (C:\Users\1383967\AppData\Local\Temp\playwright-java-9287095633557299133\package\lib\server\dispatchers\frameDispatcher.js:152:12)
    at async LongStandingScope._race (C:\Users\1383967\AppData\Local\Temp\playwright-java-9287095633557299133\package\lib\utils\manualPromise.js:96:14)
    at async FrameDispatcher._handleCommand (C:\Users\1383967\AppData\Local\Temp\playwright-java-9287095633557299133\package\lib\server\dispatchers\dispatcher.js:86:14)
    at async DispatcherConnection.dispatch (C:\Users\1383967\AppData\Local\Temp\playwright-java-9287095633557299133\package\lib\server\dispatchers\dispatcher.js:351:22)
}
Call log:
- waiting for getByLabel("*Account Name")

at com.microsoft.playwright.impl.WaitableResult.get(WaitableResult.java:54)
at com.microsoft.playwright.impl.ChannelOwner.runUntil(ChannelOwner.java:120)
at com.microsoft.playwright.impl.Connection.sendMessage(Connection.java:129)
at com.microsoft.playwright.impl.ChannelOwner.sendMessage(ChannelOwner.java:106)
at com.microsoft.playwright.impl.FrameImpl.clickImpl(FrameImpl.java:252)
at com.microsoft.playwright.impl.FrameImpl.lambda$click$8(FrameImpl.java:243)
at com.microsoft.playwright.impl.LoggingSupport.lambda$withLogging$0(LoggingSupport.java:36)
at com.microsoft.playwright.impl.LoggingSupport.withLogging(LoggingSupport.java:47)
at com.microsoft.playwright.impl.ChannelOwner.withLogging(ChannelOwner.java:89)
at com.microsoft.playwright.impl.LoggingSupport.withLogging(LoggingSupport.java:35)
at com.microsoft.playwright.impl.FrameImpl.click(FrameImpl.java:243)
at com.microsoft.playwright.impl.LocatorImpl.click(LocatorImpl.java:140)
at com.microsoft.playwright.Locator.click(Locator.java:2348)
at com.qa.Salesforce.tests.Examplee.Examplee(Examplee.java:48)
at java.base/jdk.internal.reflect.NativeMethodAccessorImpl.invoke0(Native Method)
at java.base/jdk.internal.reflect.NativeMethodAccessorImpl.invoke(NativeMethodAccessorImpl.java:77)
at java.base/jdk.internal.reflect.DelegatingMethodAccessorImpl.invoke(DelegatingMethodAccessorImpl.java:43)
at java.base/java.lang.reflect.Method.invoke(Method.java:568)
at org.testng.internal.invokers.MethodInvocationHelper.invokeMethod(MethodInvocationHelper.java:139)
at org.testng.internal.invokers.TestInvoker.invokeMethod(TestInvoker.java:664)
at org.testng.internal.invokers.TestInvoker.invokeTestMethod(TestInvoker.java:227)
at org.testng.internal.invokers.MethodRunner.runInSequence(MethodRunner.java:50)
at org.testng.internal.invokers.TestInvoker$MethodInvocationAgent.invoke(TestInvoker.java:957)
at org.testng.internal.invokers.TestInvoker.invokeTestMethods(TestInvoker.java:200)
at org.testng.internal.invokers.TestMethodWorker.invokeTestMethods(TestMethodWorker.java:148)
at org.testng.internal.invokers.TestMethodWorker.run(TestMethodWorker.java:128)
at java.base/java.util.ArrayList.forEach(ArrayList.java:1511)
at org.testng.TestRunner.privateRun(TestRunner.java:848)
at org.testng.TestRunner.run(TestRunner.java:621)
at org.testng.SuiteRunner.runTest(SuiteRunner.java:443)
at org.testng.SuiteRunner.runSequentially(SuiteRunner.java:437)
at org.testng.SuiteRunner.privateRun(SuiteRunner.java:397)
at org.testng.SuiteRunner.run(SuiteRunner.java:336)
at org.testng.SuiteRunnerWorker.runSuite(SuiteRunnerWorker.java:52)
at org.testng.SuiteRunnerWorker.run(SuiteRunnerWorker.java:95)
at org.testng.TestNG.runSuitesSequentially(TestNG.java:1280)
at org.testng.TestNG.runSuitesLocally(TestNG.java:1200)
at org.testng.TestNG.runSuites(TestNG.java:1114)
at org.testng.TestNG.run(TestNG.java:1082)
at org.testng.remote.AbstractRemoteTestNG.run(AbstractRemoteTestNG.java:115)
at org.testng.remote.RemoteTestNG.initAndRun(RemoteTestNG.java:251)
at org.testng.remote.RemoteTestNG.main(RemoteTestNG.java:77)
Caused by: com.microsoft.playwright.impl.TargetClosedError: Error {
  message='Target page, context or browser has been closed
  name='TargetClosedError
  stack='TargetClosedError:Target page, context or browser has been closed
Error
    at captureRawStack (C:\Users\1383967\AppData\Local\Temp\playwright-java-9287095633557299133\package\lib\utils\stackTrace.js:50:17)
    at LongStandingScope._race (C:\Users\1383967\AppData\Local\Temp\playwright-java-9287095633557299133\package\lib\utils\manualPromise.js:91:52)
    at LongStandingScope.race (C:\Users\1383967\AppData\Local\Temp\playwright-java-9287095633557299133\package\lib\utils\manualPromise.js:84:17)
    at C:\Users\1383967\AppData\Local\Temp\playwright-java-9287095633557299133\package\lib\utils\manualPromise.js:81:43
    at Array.map (<anonymous>)
    at LongStandingScope.raceMultiple (C:\Users\1383967\AppData\Local\Temp\playwright-java-9287095633557299133\package\lib\utils\manualPromise.js:81:32)
    at Frame.retryWithProgressAndTimeouts (C:\Users\1383967\AppData\Local\Temp\playwright-java-9287095633557299133\package\lib\server\frames.js:908:40)
    at async C:\Users\1383967\AppData\Local\Temp\playwright-java-9287095633557299133\package\lib\server\frames.js:996:29
    at async ProgressController.run (C:\Users\1383967\AppData\Local\Temp\playwright-java-9287095633557299133\package\lib\server\progress.js:91:22)
    at async FrameDispatcher.click (C:\Users\1383967\AppData\Local\Temp\playwright-java-9287095633557299133\package\lib\server\dispatchers\frameDispatcher.js:152:12)
    at async LongStandingScope._race (C:\Users\1383967\AppData\Local\Temp\playwright-java-9287095633557299133\package\lib\utils\manualPromise.js:96:14)
    at async FrameDispatcher._handleCommand (C:\Users\1383967\AppData\Local\Temp\playwright-java-9287095633557299133\package\lib\server\dispatchers\dispatcher.js:86:14)
    at async DispatcherConnection.dispatch (C:\Users\1383967\AppData\Local\Temp\playwright-java-9287095633557299133\package\lib\server\dispatchers\dispatcher.js:351:22)
}
Call log:
- waiting for getByLabel("*Account Name")

at com.microsoft.playwright.impl.Connection.dispatch(Connection.java:254)
at com.microsoft.playwright.impl.Connection.processOneMessage(Connection.java:209)
at com.microsoft.playwright.impl.ChannelOwner.runUntil(ChannelOwner.java:118)
... 40 more
]]>
    </error>
  </testcase> <!-- Examplee -->
</testsuite> <!-- com.qa.Salesforce.tests.Examplee -->
